Debug: [Main]: Mixxx features_replaygain "(bzr r2459; built on: Oct 18 2010 @ 01:37:25; flags: hifieq midiscript optimize qdebug vinylcontrol) " is starting... 
Debug: [Main]: Qt version is: 4.7.0 
Debug: [Main]: Could not read "/home/vittorio/.mixxx/mixxx.cfg" 
Debug: [Main]: No version number in configuration file. Setting to Trunk 
Debug: [Main]: Setting  "[Channel1]" "play" as toggle 
Debug: [Main]: Setting  "[Channel1]" "wheel_touch_switch" as toggle 
Debug: [Main]: CachingReader using 4980736 bytes. 
Debug: [Main]: Setting  "[Channel2]" "play" as toggle 
Debug: [Main]: Setting  "[Channel2]" "wheel_touch_switch" as toggle 
Debug: [Main]: CachingReader using 4980736 bytes. 
Debug: [Main]: ControlObject::getControl returning NULL for ( "[Mixer Profile]" , "LoEQFrequency" ) 
Debug: [Main]: Setting  "[Channel1]" "filterLowKill" as toggle 
Debug: [Main]: Setting  "[Channel1]" "filterMidKill" as toggle 
Debug: [Main]: Setting  "[Channel1]" "filterHighKill" as toggle 
Debug: [Main]: Setting  "[Channel1]" "pfl" as toggle 
Debug: [Main]: Setting  "[Channel2]" "filterLowKill" as toggle 
Debug: [Main]: Setting  "[Channel2]" "filterMidKill" as toggle 
Debug: [Main]: Setting  "[Channel2]" "filterHighKill" as toggle 
Debug: [Main]: Setting  "[Channel2]" "pfl" as toggle 
Debug: [Main]: Setting  "[Channel1]" "flanger" as toggle 
Debug: [Main]: Setting  "[Channel2]" "flanger" as toggle 
Debug: [Main]: SampleRate 0 
Debug: [Main]: Latency 0 
Debug: [Main]: ("QSQLITE", "QMYSQL3", "QMYSQL") 
Debug: [Main]: src/library/trackcollection.cpp DB status: true 
Debug: [Main]: QSqlError(-1, "", "") 
Debug: [Main]: SchemaManager::upgradeToSchemaVersion upgrading 6 versions to version 6 
Debug: [Main]: Loading schema "/usr/local/share/mixxx/schema.xml" 
Debug: [Main]: Applying version 1 : "The base schema for the Mixxx SQLITE database." 
Debug: [Main]: Applying version 2 : "Add a header_parsed integer column to the library to indicate when a
      track's tags have been parsed." 
Debug: [Main]: Applying version 3 : "Change the location column to be a an integer. Change comment to be
      varchar(256) and album/artist/title to be varchar(64)." 
Debug: [Main]: Applying version 4 : "Add file type column." 
Debug: [Main]: Applying version 5 : "Add needs_verification column to library hashes table." 
Debug: [Main]: Applying version 6 : "Added a ReplayGain Column." 
Debug: [Main]: TrackDAO::initialize QThread(0x1799360, name = "Main") "qt_sql_default_connection" 
Debug: [Main]: CrateDAO::initialize() 
Debug: [Main]: CueDAO::initialize QThread(0x1799360, name = "Main") "qt_sql_default_connection" 
Debug: [Main]: Created MissingTracksModel! 
Debug: [Main]: Promo dir: "/usr/local/share/mixxx//promo/Trunk/index.html" 
Debug: [Main]: ITunesLibrary=[ "/home/vittorio/.itunes.xml" ] 
Debug: [Main]: First Run, switching to PROMO view! 
Warning: [Main]: WPushButton for control  "[Channel1],loop_enabled" is null, skipping. 
Warning: [Main]: WPushButton for control  "[Channel2],loop_enabled" is null, skipping. 
Warning: [Main]: WPushButton for control  "[Channel1],TrackEndMode" is null, skipping. 
Warning: [Main]: WPushButton for control  "[Channel2],TrackEndMode" is null, skipping. 
Warning: [Main]: WPushButton for control  "[Channel1],hotcue_1_enabled" is null, skipping. 
Warning: [Main]: WPushButton for control  "[Channel1],hotcue_2_enabled" is null, skipping. 
Warning: [Main]: WPushButton for control  "[Channel1],hotcue_3_enabled" is null, skipping. 
Warning: [Main]: WPushButton for control  "[Channel1],hotcue_4_enabled" is null, skipping. 
Warning: [Main]: WPushButton for control  "[Channel2],hotcue_1_enabled" is null, skipping. 
Warning: [Main]: WPushButton for control  "[Channel2],hotcue_2_enabled" is null, skipping. 
Warning: [Main]: WPushButton for control  "[Channel2],hotcue_3_enabled" is null, skipping. 
Warning: [Main]: WPushButton for control  "[Channel2],hotcue_4_enabled" is null, skipping. 
Debug: [Main]: createWaveformViewer() 
Debug: [Main]: WaveformViewerFactory :: Creating new visual waveform 
Debug: [Main]: WaveformViewerFactory :: Making new GL context. 
Debug: [Main]: Didn't get mark Color, using parent's MarkerColor: "#0000ff" 
Debug: [Main]: Didn't get mark Color, using parent's MarkerColor: "#00ff00" 
Debug: [Main]: Didn't get mark Color, using parent's MarkerColor: "#0000ff" 
Debug: [Main]: Didn't get mark TextColor, using parent's BgColor: "#ffffff" 
Debug: [Main]: Didn't get mark Color, using parent's MarkerColor: "#0000ff" 
Debug: [Main]: Didn't get mark TextColor, using parent's BgColor: "#ffffff" 
Debug: [Main]: Didn't get mark Color, using parent's MarkerColor: "#0000ff" 
Debug: [Main]: Didn't get mark TextColor, using parent's BgColor: "#ffffff" 
Debug: [Main]: createWaveformViewer() 
Debug: [Main]: WaveformViewerFactory :: Creating new visual waveform 
Debug: [Main]: WaveformViewerFactory :: Sharing existing GL context. 
Debug: [Main]: Didn't get mark Color, using parent's MarkerColor: "#ff0000" 
Debug: [Main]: Didn't get mark Color, using parent's MarkerColor: "#00ff00" 
Debug: [Main]: Didn't get mark Color, using parent's MarkerColor: "#ff0000" 
Debug: [Main]: Didn't get mark TextColor, using parent's BgColor: "#ffffff" 
Debug: [Main]: Didn't get mark Color, using parent's MarkerColor: "#ff0000" 
Debug: [Main]: Didn't get mark TextColor, using parent's BgColor: "#ffffff" 
Debug: [Main]: Didn't get mark Color, using parent's MarkerColor: "#ff0000" 
Debug: [Main]: Didn't get mark TextColor, using parent's BgColor: "#ffffff" 
Debug: [Main]: WARNING: Text widgets not destroyed before rebooting GUI. 
Debug: [Main]: WARNING: BPM widget pointers wre not reset on GUI reboot. 
Debug: [Main]: WARNING: Number widgets were not reset before rebooting GUI. 
Debug: [Main]: ControlObject::getControl returning NULL for ( "[Channel1]" , "hotcue_33_position" ) 
Debug: [Main]: ControlObject::getControl returning NULL for ( "[Channel2]" , "hotcue_33_position" ) 
Debug: [Main]: Inserting playlist "Auto DJ" at position 1 
Debug: [Main]: PlaylistTableModel::setPlaylist 1 
Debug: [Main]: WTrackTableView::loadTrackModel() PlaylistTableModel(0x23327a0) 
Debug: [Main]: WTrackTableView::loadTrackModel() PrepareLibraryTableModel(0x7f19380542d0) 
Debug: [Main]: WLibrary::switchToView "Auto DJ" 
Debug: [Main]: WLibrary::setCurrentWidget "Auto DJ" 
Debug: [Main]: Constructed LibraryScanner!!! 
Debug: [Main]: iTunes Album Art path is: "" 
Debug: [Main]: Could not read "/home/vittorio/.mixxx/midi/MixxxMIDIDevices" 
Debug: [Main]: Scanning MIDI devices: 
Debug: [LibraryScanner 1]: LibraryHashDAO::initialize LibraryScanner(0x1bc5d00, name = "LibraryScanner 1") "LIBRARY_SCANNER" 
Debug: [Main]:  Found output device # 0 Midi Through Port-0 
Debug: [LibraryScanner 1]: CueDAO::initialize LibraryScanner(0x1bc5d00, name = "LibraryScanner 1") "LIBRARY_SCANNER" 
Debug: [Main]:  Found input device # 1 Midi Through Port-0 
Debug: [Main]:     Linking to output device # 0 "Midi Through Port-0" 
Debug: [LibraryScanner 1]: TrackDAO::initialize LibraryScanner(0x1bc5d00, name = "LibraryScanner 1") "LIBRARY_SCANNER" 
Debug: [Main]: Creating new MIDI presets directory "/home/vittorio/.mixxx/midi/" 
Debug: [Main]: Starting script engine with output device "" 
Debug: [LibraryScanner 1]: Legacy importer took 0 ms
Debug: [LibraryScanner 1]: Recursively scanning library. 
Debug: [MidiScriptEngine 1]: MIDI Device in script engine is: "" 
Debug: [Main]: MidiDeviceManager::getDeviceList 
Debug: [Main]: MidiDeviceManager: Setting up devices 
Debug: [Main]: PortMIDI device "1. Midi Through Port-0" already closed 
Debug: [Main]: MidiMapping: Loading MIDI preset from "/home/vittorio/.mixxx/midi/Midi_Through_Port-0.midi.xml" 
Debug: [Main]: Could not open xml file: "/home/vittorio/.mixxx/midi/Midi_Through_Port-0.midi.xml" 
Debug: [Main]: SoundManager: Setting defaults 
Debug: [Main]: SoundManager: Setting defaults 
Debug: [Main]: getSliderLatencyMsec in:  10 
Debug: [Main]: getSliderLatencyMsec out:  21 
Debug: [Main]: Promo dir: "/usr/local/share/mixxx//promo/Trunk/index.html" 
Debug: [Main]: loadSettings: 0 -12.5 "" 
Debug: [Main]: slotApply crossfader: 1 "" 
Debug: [Main]: BPM Scheme File ConfigKey not set or file missing... setting to "/home/vittorio/.mixxx/mixxxbpmscheme.xml" 
Debug: [Main]: BpmSchemes::readXML "/home/vittorio/.mixxx/mixxxbpmscheme.xml" 
Debug: [Main]: BPM Scheme: "/home/vittorio/.mixxx/mixxxbpmscheme.xml" does not exist. 
Debug: [Main]: MidiDeviceManager::getDeviceList 
Debug: [Main]: MidiDeviceManager::getDeviceList 
Debug: [Main]: SoundManager::setupDevices() 
Debug: [Main]: VinylControlProxy: Unknown vinyl type  "" 
Debug: [Main]: Defaulting to Serato... 
Debug: [Main]: Building timecode lookup tables... 
Debug: [Main]: Starting vinyl control xwax thread 
Debug: [Main]: Building timecode lookup tables... 
Debug: [Main]: Starting vinyl control xwax thread 
Debug: [Main]: SoundDevicePortAudio::open() "0, HDA ATI SB: ALC892 Analog (hw:0,0)" 
Debug: [Main]: m_dSampleRate 48000 
Debug: [Main]: iLatencyMSec: 21 
Debug: [Main]: output channels: 2 | input channels: 0 
Debug: [Main]: iFramesPerBuffer 1024 
Debug: [Main]: iLatencyMSec: 21 
Debug: [Main]: Opening stream with id 0 
Debug: [Main]: Opened PortAudio stream successfully... starting 
Debug: [Main]: Dynamically loaded PortAudio library! 
Debug: [Main]: PortAudio: Started stream successfully 
Debug: [Main]: iNumDevicesOpenedForOutput: 1 
Debug: [Main]: iNumDevicesOpenedForInput: 0 
Debug: [Main]: Qt v4.6.0 or higher detected. Using rebootMixxxView() workaround. 
    (See bug https://bugs.launchpad.net/mixxx/+bug/521509) 
Debug: [Main]: Now in Rebootmixxview... 
Warning: [Main]: WPushButton for control  "[Channel1],loop_enabled" is null, skipping. 
Warning: [Main]: WPushButton for control  "[Channel2],loop_enabled" is null, skipping. 
Warning: [Main]: WPushButton for control  "[Channel1],TrackEndMode" is null, skipping. 
Warning: [Main]: WPushButton for control  "[Channel2],TrackEndMode" is null, skipping. 
Warning: [Main]: WPushButton for control  "[Channel1],hotcue_1_enabled" is null, skipping. 
Warning: [Main]: WPushButton for control  "[Channel1],hotcue_2_enabled" is null, skipping. 
Warning: [Main]: WPushButton for control  "[Channel1],hotcue_3_enabled" is null, skipping. 
Warning: [Main]: WPushButton for control  "[Channel1],hotcue_4_enabled" is null, skipping. 
Warning: [Main]: WPushButton for control  "[Channel2],hotcue_1_enabled" is null, skipping. 
Warning: [Main]: WPushButton for control  "[Channel2],hotcue_2_enabled" is null, skipping. 
Warning: [Main]: WPushButton for control  "[Channel2],hotcue_3_enabled" is null, skipping. 
Warning: [Main]: WPushButton for control  "[Channel2],hotcue_4_enabled" is null, skipping. 
Debug: [Main]: createWaveformViewer() 
Debug: [Main]: WaveformViewerFactory :: Creating new visual waveform 
Debug: [Main]: WaveformViewerFactory :: Sharing existing GL context. 
Debug: [Main]: Didn't get mark Color, using parent's MarkerColor: "#0000ff" 
Debug: [Main]: Didn't get mark Color, using parent's MarkerColor: "#00ff00" 
Debug: [Main]: Didn't get mark Color, using parent's MarkerColor: "#0000ff" 
Debug: [Main]: Didn't get mark TextColor, using parent's BgColor: "#ffffff" 
Debug: [Main]: Didn't get mark Color, using parent's MarkerColor: "#0000ff" 
Debug: [Main]: Didn't get mark TextColor, using parent's BgColor: "#ffffff" 
Debug: [Main]: Didn't get mark Color, using parent's MarkerColor: "#0000ff" 
Debug: [Main]: Didn't get mark TextColor, using parent's BgColor: "#ffffff" 
Debug: [Main]: createWaveformViewer() 
Debug: [Main]: WaveformViewerFactory :: Creating new visual waveform 
Debug: [Main]: WaveformViewerFactory :: Sharing existing GL context. 
Debug: [Main]: Didn't get mark Color, using parent's MarkerColor: "#ff0000" 
Debug: [Main]: Didn't get mark Color, using parent's MarkerColor: "#00ff00" 
Debug: [Main]: Didn't get mark Color, using parent's MarkerColor: "#ff0000" 
Debug: [Main]: Didn't get mark TextColor, using parent's BgColor: "#ffffff" 
Debug: [Main]: Didn't get mark Color, using parent's MarkerColor: "#ff0000" 
Debug: [Main]: Didn't get mark TextColor, using parent's BgColor: "#ffffff" 
Debug: [Main]: Didn't get mark Color, using parent's MarkerColor: "#ff0000" 
Debug: [Main]: Didn't get mark TextColor, using parent's BgColor: "#ffffff" 
Debug: [Main]: WARNING: Text widgets not destroyed before rebooting GUI. 
Debug: [Main]: WARNING: BPM widget pointers wre not reset on GUI reboot. 
Debug: [Main]: WARNING: Number widgets were not reset before rebooting GUI. 
Debug: [Main]: rebootgui DONE 
Warning: [Main]: Object::disconnect: No such signal MixxxApp::trackDropped(QString) in src/mixxx.cpp:1288
Warning: [Main]: Object::disconnect: No such signal MixxxApp::trackDropped(QString) in src/mixxx.cpp:1293
Debug: [Main]: Displaying mixxx 
Debug: [Main]: Running Mixxx 
Debug: [LibraryScanner 1]: APE value "-0.075000 dB" 
Debug: [LibraryScanner 1]: APE value "-0.100000 dB" 
Debug: [LibraryScanner 1]: APE value "+0.585000 dB" 
Debug: [LibraryScanner 1]: APE value "+0.465000 dB" 
Debug: [LibraryScanner 1]: APE value "+0.455000 dB" 
Debug: [LibraryScanner 1]: APE value "-0.250000 dB" 
Debug: [LibraryScanner 1]: APE value "-0.240000 dB" 
Debug: [LibraryScanner 1]: APE value "-0.200000 dB" 
Debug: [LibraryScanner 1]: APE value "+0.465000 dB" 
Debug: [LibraryScanner 1]: APE value "+0.120000 dB" 
Debug: [LibraryScanner 1]: APE value "-0.275000 dB" 
Debug: [LibraryScanner 1]: APE value "+0.140000 dB" 
Debug: [LibraryScanner 1]: APE value "+0.185000 dB" 
Debug: [LibraryScanner 1]: APE value "+0.730000 dB" 
Debug: [LibraryScanner 1]: APE value "-0.145000 dB" 
Debug: [LibraryScanner 1]: APE value "+0.515000 dB" 
Debug: [LibraryScanner 1]: APE value "+0.560000 dB" 
Debug: [LibraryScanner 1]: APE value "+0.560000 dB" 
Debug: [LibraryScanner 1]: APE value "-0.105000 dB" 
Debug: [LibraryScanner 1]: APE value "-0.525000 dB" 
Debug: [LibraryScanner 1]: APE value "-0.485000 dB" 
Debug: [LibraryScanner 1]: APE value "+0.665000 dB" 
Debug: [LibraryScanner 1]: APE value "-0.615000 dB" 
Debug: [LibraryScanner 1]: APE value "-5.625000 dB" 
Debug: [LibraryScanner 1]: Recursive scan finished cleanly. 
Debug: [LibraryScanner 1]: Writing tracks to database by TrackDAO::addTracks() took  133  ms 
Debug: [LibraryScanner 1]: Marking unverified tracks as deleted. 
Debug: [LibraryScanner 1]: Marking unverified directories as deleted. 
Debug: [LibraryScanner 1]: Detecting moved files. 
Debug: [LibraryScanner 1]: Scan finished cleanly 
Debug: [LibraryScanner 1]: Scan took: 2431 ms
Debug: [Main]: SidebarModel::clicked() index= QModelIndex(0,0,0x7f1920024c20,SidebarModel(0x7f1920024c20) )  
Debug: [Main]: MixxxLibraryFeature::activate() 
Debug: [Main]: WTrackTableView::loadTrackModel() LibraryTableModel(0x7f1920009400) 
Debug: [Main]: WLibrary::switchToView "WTrackTableView" 
Debug: [Main]: WLibrary::setCurrentWidget "WTrackTableView" 
Debug: [Main]: WSearchLineEdit::restoreSearch( "" ) 
Debug: [Main]: Destroying MixxxApp 
Debug: [Main]: save config,  0 
Debug: [Main]: close soundmanager 1 
Debug: [Main]: soundmanager->close() done 
Debug: [Main]: delete MidiDeviceManager 
Debug: [Main]: Closing MIDI device "1. Midi Through Port-0" 
Debug: [Main]: PortMIDI device "1. Midi Through Port-0" already closed 
Debug: [Main]: delete soundmanager,  10 
Debug: [Main]: delete master,  11 
Debug: [Main]: in ~EngineMaster() 
Debug: [Main]: delete channel1,  12 
Debug: [Main]: delete channel2,  13 
Debug: [Main]: delete buffer1,  14 
Debug: [Main]: delete buffer2,  16 
Debug: [Main]: delete view,  18 
Debug: [Main]: ~WLibraryTableView 
Debug: [Main]: ~DlgTrackInfo() 
Debug: [Main]: ~WLibraryTableView 
Debug: [Main]: ~WLibraryTableView 
Debug: [Main]: ~DlgTrackInfo() 
Debug: [Main]: ~WLibraryTableView 
Debug: [Main]: ~DlgTrackInfo() 
Debug: [Main]: delete library scanner 359 
Debug: [Main]: LibraryScanner destroyed 
Debug: [Main]: delete library 359 
Debug: [Main]: TrackCollection destroyed 
Debug: [Main]: delete config,  854 
Debug: [Main]: Mixxx shutdown complete with code 0 
